<?xml version="1.0" encoding="UTF-8"?>
<!-- Generated by org.testng.reporters.JUnitXMLReporter -->
<testsuite ignored="0" hostname="DESKTOP-S5N9KQL" failures="0" tests="4" name="Test" time="0.104" errors="0" timestamp="2020-08-17T11:48:42 IST">
  <testcase classname="Vishalproject.MvenJava.appiumTest" name="androidapp" time="0.015"/>
  <testcase classname="Vishalproject.MvenJava.appiumTest" name="iosapp" time="0.002"/>
  <testcase classname="Vishalproject.MvenJava.seleniumTest" name="BrowserAutomation" time="0.002"/>
  <testcase classname="Vishalproject.MvenJava.seleniumTest" name="elementUI" time="0.001"/>
</testsuite> <!-- Test -->
