<?xml version="1.0" encoding="UTF-8"?>
<!-- Generated by org.testng.reporters.JUnitXMLReporter -->
<testsuite ignored="0" hostname="DESKTOP-S5N9KQL" failures="0" tests="6" name="Command line test" time="0.1" errors="0" timestamp="2020-08-20T23:18:18 IST">
  <testcase classname="Vishalproject.MvenJava.appiumTest" name="androidapp" time="0.008"/>
  <testcase classname="Vishalproject.MvenJava.appiumTest" name="iosapp" time="0.0"/>
  <testcase classname="Vishalproject.MvenJava.restapiTest" name="deleteTwitter" time="0.001"/>
  <testcase classname="Vishalproject.MvenJava.restapiTest" name="postJira" time="0.0"/>
  <testcase classname="Vishalproject.MvenJava.seleniumTest" name="BrowserAutomation" time="0.001"/>
  <testcase classname="Vishalproject.MvenJava.seleniumTest" name="elementUI" time="0.0"/>
</testsuite> <!-- Command line test -->
