<?xml version="1.0" encoding="UTF-8"?>
<!-- Generated by org.testng.reporters.JUnitXMLReporter -->
<testsuite ignored="0" hostname="DESKTOP-S5N9KQL" failures="0" tests="4" name="Test" time="0.053" errors="0" timestamp="2020-08-16T14:17:33 IST">
  <testcase classname="Vishalproject.MvenJava.appiumTest" name="androidapp" time="0.006"/>
  <testcase classname="Vishalproject.MvenJava.appiumTest" name="iosapp" time="0.001"/>
  <testcase classname="Vishalproject.MvenJava.seleniumTest" name="BrowserAutomation" time="0.0"/>
  <testcase classname="Vishalproject.MvenJava.seleniumTest" name="elementUI" time="0.0"/>
</testsuite> <!-- Test -->
