<?xml version="1.0" encoding="UTF-8"?>
<testsuite xmlns:xsi="http://www.w3.org/2001/XMLSchema-instance" xsi:noNamespaceSchemaLocation="https://maven.apache.org/surefire/maven-surefire-plugin/xsd/surefire-test-report.xsd" name="Vishalproject.MvenJava.seleniumTest" time="1.54" tests="2" errors="0" skipped="0" failures="0">
  <properties>
[...]
</properties>
  <testcase name="BrowserAutomation" classname="Vishalproject.MvenJava.seleniumTest" time="0.006"/>
  <testcase name="elementUI" classname="Vishalproject.MvenJava.seleniumTest" time="0.008"/>
</testsuite>