<?xml version="1.0" encoding="UTF-8" ?>
<testsuite tests="6" failures="0" name="TestSuite" time="0.019" errors="0" skipped="0">
  <properties>
[...]
</properties>
  <testcase classname="Vishalproject.MvenJava.appiumTest" name="androidapp" time="0.013"/>
  <testcase classname="Vishalproject.MvenJava.appiumTest" name="iosapp" time="0"/>
  <testcase classname="Vishalproject.MvenJava.restapiTest" name="deleteTwitter" time="0.005"/>
  <testcase classname="Vishalproject.MvenJava.restapiTest" name="postJira" time="0.001"/>
  <testcase classname="Vishalproject.MvenJava.seleniumTest" name="BrowserAutomation" time="0"/>
  <testcase classname="Vishalproject.MvenJava.seleniumTest" name="elementUI" time="0"/>
</testsuite>