<?xml version="1.0" encoding="UTF-8"?>
<testng-results ignored="0" total="4" passed="4" failed="0" skipped="0">
  <reporter-output>
  </reporter-output>
  <suite started-at="2020-08-17T11:48:41 IST" name="Suite" finished-at="2020-08-17T11:48:41 IST" duration-ms="104">
    <groups>
    </groups>
    <test started-at="2020-08-17T11:48:41 IST" name="Test" finished-at="2020-08-17T11:48:41 IST" duration-ms="104">
      <class name="Vishalproject.MvenJava.seleniumTest">
        <test-method signature="BrowserAutomation()[pri:0, instance:Vishalproject.MvenJava.seleniumTest@358ee631]" started-at="2020-08-17T11:48:41 IST" name="BrowserAutomation" finished-at="2020-08-17T11:48:41 IST" duration-ms="2" status="PASS">
          <reporter-output>
          </reporter-output>
        </test-method> <!-- BrowserAutomation -->
        <test-method signature="elementUI()[pri:0, instance:Vishalproject.MvenJava.seleniumTest@358ee631]" started-at="2020-08-17T11:48:41 IST" name="elementUI" finished-at="2020-08-17T11:48:41 IST" duration-ms="1" status="PASS">
          <reporter-output>
          </reporter-output>
        </test-method> <!-- elementUI -->
      </class> <!-- Vishalproject.MvenJava.seleniumTest -->
      <class name="Vishalproject.MvenJava.appiumTest">
        <test-method signature="androidapp()[pri:0, instance:Vishalproject.MvenJava.appiumTest@233fe9b6]" started-at="2020-08-17T11:48:41 IST" name="androidapp" finished-at="2020-08-17T11:48:41 IST" duration-ms="15" status="PASS">
          <reporter-output>
          </reporter-output>
        </test-method> <!-- androidapp -->
        <test-method signature="iosapp()[pri:0, instance:Vishalproject.MvenJava.appiumTest@233fe9b6]" started-at="2020-08-17T11:48:41 IST" name="iosapp" finished-at="2020-08-17T11:48:41 IST" duration-ms="2" status="PASS">
          <reporter-output>
          </reporter-output>
        </test-method> <!-- iosapp -->
      </class> <!-- Vishalproject.MvenJava.appiumTest -->
    </test> <!-- Test -->
  </suite> <!-- Suite -->
</testng-results>
